CRITICAL - 2024-06-11 14:46:55 --> CodeIgniter\View\Exceptions\ViewException: Invalid file: "header.php"
[Method: GET, Route: /]
in SYSTEMPATH/Exceptions/FrameworkException.php on line 41.
 1 SYSTEMPATH/View/View.php(222): CodeIgniter\Exceptions\FrameworkException::forInvalidFile('header.php')
 2 SYSTEMPATH/Common.php(1171): CodeIgniter\View\View->render('header', [], true)
 3 APPPATH/Controllers/Home.php(9): view('header')
 4 SYSTEMPATH/CodeIgniter.php(933): App\Controllers\Home->index()
 5 SYSTEMPATH/CodeIgniter.php(509): CodeIgniter\CodeIgniter->runController(Object(App\Controllers\Home))
 6 SYSTEMPATH/CodeIgniter.php(355): CodeIgniter\CodeIgniter->handleRequest(null, Object(Config\Cache), false)
 7 SYSTEMPATH/Boot.php(312): CodeIgniter\CodeIgniter->run()
 8 SYSTEMPATH/Boot.php(67): CodeIgniter\Boot::runCodeIgniter(Object(CodeIgniter\CodeIgniter))
 9 FCPATH/index.php(56): CodeIgniter\Boot::bootWeb(Object(Config\Paths))
10 SYSTEMPATH/Commands/Server/rewrite.php(49): require_once('/Users/kyawmyohtet/Documents/WorkSpace/DL_Ideas/PHP/Testing/codeigniter4/public/index.php')
CRITICAL - 2024-06-11 14:47:05 --> CodeIgniter\View\Exceptions\ViewException: Invalid file: "header.php"
[Method: GET, Route: /]
in SYSTEMPATH/Exceptions/FrameworkException.php on line 41.
 1 SYSTEMPATH/View/View.php(222): CodeIgniter\Exceptions\FrameworkException::forInvalidFile('header.php')
 2 SYSTEMPATH/Common.php(1171): CodeIgniter\View\View->render('header', [], true)
 3 APPPATH/Controllers/Home.php(9): view('header')
 4 SYSTEMPATH/CodeIgniter.php(933): App\Controllers\Home->index()
 5 SYSTEMPATH/CodeIgniter.php(509): CodeIgniter\CodeIgniter->runController(Object(App\Controllers\Home))
 6 SYSTEMPATH/CodeIgniter.php(355): CodeIgniter\CodeIgniter->handleRequest(null, Object(Config\Cache), false)
 7 SYSTEMPATH/Boot.php(312): CodeIgniter\CodeIgniter->run()
 8 SYSTEMPATH/Boot.php(67): CodeIgniter\Boot::runCodeIgniter(Object(CodeIgniter\CodeIgniter))
 9 FCPATH/index.php(56): CodeIgniter\Boot::bootWeb(Object(Config\Paths))
10 SYSTEMPATH/Commands/Server/rewrite.php(49): require_once('/Users/kyawmyohtet/Documents/WorkSpace/DL_Ideas/PHP/Testing/codeigniter4/public/index.php')
CRITICAL - 2024-06-11 14:47:28 --> CodeIgniter\View\Exceptions\ViewException: Invalid file: "header.php"
[Method: GET, Route: /]
in SYSTEMPATH/Exceptions/FrameworkException.php on line 41.
 1 SYSTEMPATH/View/View.php(222): CodeIgniter\Exceptions\FrameworkException::forInvalidFile('header.php')
 2 SYSTEMPATH/Common.php(1171): CodeIgniter\View\View->render('header', [], true)
 3 APPPATH/Controllers/Home.php(9): view('header')
 4 SYSTEMPATH/CodeIgniter.php(933): App\Controllers\Home->index()
 5 SYSTEMPATH/CodeIgniter.php(509): CodeIgniter\CodeIgniter->runController(Object(App\Controllers\Home))
 6 SYSTEMPATH/CodeIgniter.php(355): CodeIgniter\CodeIgniter->handleRequest(null, Object(Config\Cache), false)
 7 SYSTEMPATH/Boot.php(312): CodeIgniter\CodeIgniter->run()
 8 SYSTEMPATH/Boot.php(67): CodeIgniter\Boot::runCodeIgniter(Object(CodeIgniter\CodeIgniter))
 9 FCPATH/index.php(56): CodeIgniter\Boot::bootWeb(Object(Config\Paths))
10 SYSTEMPATH/Commands/Server/rewrite.php(49): require_once('/Users/kyawmyohtet/Documents/WorkSpace/DL_Ideas/PHP/Testing/codeigniter4/public/index.php')
CRITICAL - 2024-06-11 14:47:54 --> CodeIgniter\View\Exceptions\ViewException: Invalid file: "header.php"
[Method: GET, Route: /]
in SYSTEMPATH/Exceptions/FrameworkException.php on line 41.
 1 SYSTEMPATH/View/View.php(222): CodeIgniter\Exceptions\FrameworkException::forInvalidFile('header.php')
 2 SYSTEMPATH/Common.php(1171): CodeIgniter\View\View->render('header', [], true)
 3 APPPATH/Controllers/Home.php(9): view('header')
 4 SYSTEMPATH/CodeIgniter.php(933): App\Controllers\Home->index()
 5 SYSTEMPATH/CodeIgniter.php(509): CodeIgniter\CodeIgniter->runController(Object(App\Controllers\Home))
 6 SYSTEMPATH/CodeIgniter.php(355): CodeIgniter\CodeIgniter->handleRequest(null, Object(Config\Cache), false)
 7 SYSTEMPATH/Boot.php(312): CodeIgniter\CodeIgniter->run()
 8 SYSTEMPATH/Boot.php(67): CodeIgniter\Boot::runCodeIgniter(Object(CodeIgniter\CodeIgniter))
 9 FCPATH/index.php(56): CodeIgniter\Boot::bootWeb(Object(Config\Paths))
10 SYSTEMPATH/Commands/Server/rewrite.php(49): require_once('/Users/kyawmyohtet/Documents/WorkSpace/DL_Ideas/PHP/Testing/codeigniter4/public/index.php')
CRITICAL - 2024-06-11 14:48:03 --> CodeIgniter\View\Exceptions\ViewException: Invalid file: "header.php"
[Method: GET, Route: /]
in SYSTEMPATH/Exceptions/FrameworkException.php on line 41.
 1 SYSTEMPATH/View/View.php(222): CodeIgniter\Exceptions\FrameworkException::forInvalidFile('header.php')
 2 SYSTEMPATH/Common.php(1171): CodeIgniter\View\View->render('header', [], true)
 3 APPPATH/Controllers/Home.php(9): view('header')
 4 SYSTEMPATH/CodeIgniter.php(933): App\Controllers\Home->index()
 5 SYSTEMPATH/CodeIgniter.php(509): CodeIgniter\CodeIgniter->runController(Object(App\Controllers\Home))
 6 SYSTEMPATH/CodeIgniter.php(355): CodeIgniter\CodeIgniter->handleRequest(null, Object(Config\Cache), false)
 7 SYSTEMPATH/Boot.php(312): CodeIgniter\CodeIgniter->run()
 8 SYSTEMPATH/Boot.php(67): CodeIgniter\Boot::runCodeIgniter(Object(CodeIgniter\CodeIgniter))
 9 FCPATH/index.php(56): CodeIgniter\Boot::bootWeb(Object(Config\Paths))
10 SYSTEMPATH/Commands/Server/rewrite.php(49): require_once('/Users/kyawmyohtet/Documents/WorkSpace/DL_Ideas/PHP/Testing/codeigniter4/public/index.php')
CRITICAL - 2024-06-11 14:49:36 --> CodeIgniter\View\Exceptions\ViewException: Invalid file: "header.php"
[Method: GET, Route: /]
in SYSTEMPATH/Exceptions/FrameworkException.php on line 41.
 1 SYSTEMPATH/View/View.php(222): CodeIgniter\Exceptions\FrameworkException::forInvalidFile('header.php')
 2 SYSTEMPATH/Common.php(1171): CodeIgniter\View\View->render('header', [], true)
 3 APPPATH/Controllers/Home.php(9): view('header')
 4 SYSTEMPATH/CodeIgniter.php(933): App\Controllers\Home->index()
 5 SYSTEMPATH/CodeIgniter.php(509): CodeIgniter\CodeIgniter->runController(Object(App\Controllers\Home))
 6 SYSTEMPATH/CodeIgniter.php(355): CodeIgniter\CodeIgniter->handleRequest(null, Object(Config\Cache), false)
 7 SYSTEMPATH/Boot.php(312): CodeIgniter\CodeIgniter->run()
 8 SYSTEMPATH/Boot.php(67): CodeIgniter\Boot::runCodeIgniter(Object(CodeIgniter\CodeIgniter))
 9 FCPATH/index.php(56): CodeIgniter\Boot::bootWeb(Object(Config\Paths))
10 SYSTEMPATH/Commands/Server/rewrite.php(49): require_once('/Users/kyawmyohtet/Documents/WorkSpace/DL_Ideas/PHP/Testing/codeigniter4/public/index.php')
CRITICAL - 2024-06-11 14:49:37 --> CodeIgniter\View\Exceptions\ViewException: Invalid file: "header.php"
[Method: GET, Route: /]
in SYSTEMPATH/Exceptions/FrameworkException.php on line 41.
 1 SYSTEMPATH/View/View.php(222): CodeIgniter\Exceptions\FrameworkException::forInvalidFile('header.php')
 2 SYSTEMPATH/Common.php(1171): CodeIgniter\View\View->render('header', [], true)
 3 APPPATH/Controllers/Home.php(9): view('header')
 4 SYSTEMPATH/CodeIgniter.php(933): App\Controllers\Home->index()
 5 SYSTEMPATH/CodeIgniter.php(509): CodeIgniter\CodeIgniter->runController(Object(App\Controllers\Home))
 6 SYSTEMPATH/CodeIgniter.php(355): CodeIgniter\CodeIgniter->handleRequest(null, Object(Config\Cache), false)
 7 SYSTEMPATH/Boot.php(312): CodeIgniter\CodeIgniter->run()
 8 SYSTEMPATH/Boot.php(67): CodeIgniter\Boot::runCodeIgniter(Object(CodeIgniter\CodeIgniter))
 9 FCPATH/index.php(56): CodeIgniter\Boot::bootWeb(Object(Config\Paths))
10 SYSTEMPATH/Commands/Server/rewrite.php(49): require_once('/Users/kyawmyohtet/Documents/WorkSpace/DL_Ideas/PHP/Testing/codeigniter4/public/index.php')
CRITICAL - 2024-06-11 15:36:12 --> Error: Call to undefined method CodeIgniter\View\View::extends()
[Method: GET, Route: /]
in APPPATH/Views/Home/index.php on line 1.
 1 SYSTEMPATH/View/View.php(234): include()
 2 SYSTEMPATH/View/View.php(237): CodeIgniter\View\View->CodeIgniter\View\{closure}()
 3 SYSTEMPATH/Common.php(1171): CodeIgniter\View\View->render('Home/index', [], true)
 4 APPPATH/Controllers/Home.php(9): view('Home/index')
 5 SYSTEMPATH/CodeIgniter.php(933): App\Controllers\Home->index()
 6 SYSTEMPATH/CodeIgniter.php(509): CodeIgniter\CodeIgniter->runController(Object(App\Controllers\Home))
 7 SYSTEMPATH/CodeIgniter.php(355): CodeIgniter\CodeIgniter->handleRequest(null, Object(Config\Cache), false)
 8 SYSTEMPATH/Boot.php(312): CodeIgniter\CodeIgniter->run()
 9 SYSTEMPATH/Boot.php(67): CodeIgniter\Boot::runCodeIgniter(Object(CodeIgniter\CodeIgniter))
10 FCPATH/index.php(56): CodeIgniter\Boot::bootWeb(Object(Config\Paths))
11 SYSTEMPATH/Commands/Server/rewrite.php(49): require_once('/Users/kyawmyohtet/Documents/WorkSpace/DL_Ideas/PHP/Testing/codeigniter4/public/index.php')
CRITICAL - 2024-06-11 15:36:56 --> Error: Call to undefined method CodeIgniter\View\View::extends()
[Method: GET, Route: /]
in APPPATH/Views/Home/index.php on line 1.
 1 SYSTEMPATH/View/View.php(234): include()
 2 SYSTEMPATH/View/View.php(237): CodeIgniter\View\View->CodeIgniter\View\{closure}()
 3 SYSTEMPATH/Common.php(1171): CodeIgniter\View\View->render('Home/index', [], true)
 4 APPPATH/Controllers/Home.php(9): view('Home/index')
 5 SYSTEMPATH/CodeIgniter.php(933): App\Controllers\Home->index()
 6 SYSTEMPATH/CodeIgniter.php(509): CodeIgniter\CodeIgniter->runController(Object(App\Controllers\Home))
 7 SYSTEMPATH/CodeIgniter.php(355): CodeIgniter\CodeIgniter->handleRequest(null, Object(Config\Cache), false)
 8 SYSTEMPATH/Boot.php(312): CodeIgniter\CodeIgniter->run()
 9 SYSTEMPATH/Boot.php(67): CodeIgniter\Boot::runCodeIgniter(Object(CodeIgniter\CodeIgniter))
10 FCPATH/index.php(56): CodeIgniter\Boot::bootWeb(Object(Config\Paths))
11 SYSTEMPATH/Commands/Server/rewrite.php(49): require_once('/Users/kyawmyohtet/Documents/WorkSpace/DL_Ideas/PHP/Testing/codeigniter4/public/index.php')
CRITICAL - 2024-06-11 15:36:58 --> Error: Call to undefined method CodeIgniter\View\View::extends()
[Method: GET, Route: /]
in APPPATH/Views/Home/index.php on line 1.
 1 SYSTEMPATH/View/View.php(234): include()
 2 SYSTEMPATH/View/View.php(237): CodeIgniter\View\View->CodeIgniter\View\{closure}()
 3 SYSTEMPATH/Common.php(1171): CodeIgniter\View\View->render('Home/index', [], true)
 4 APPPATH/Controllers/Home.php(9): view('Home/index')
 5 SYSTEMPATH/CodeIgniter.php(933): App\Controllers\Home->index()
 6 SYSTEMPATH/CodeIgniter.php(509): CodeIgniter\CodeIgniter->runController(Object(App\Controllers\Home))
 7 SYSTEMPATH/CodeIgniter.php(355): CodeIgniter\CodeIgniter->handleRequest(null, Object(Config\Cache), false)
 8 SYSTEMPATH/Boot.php(312): CodeIgniter\CodeIgniter->run()
 9 SYSTEMPATH/Boot.php(67): CodeIgniter\Boot::runCodeIgniter(Object(CodeIgniter\CodeIgniter))
10 FCPATH/index.php(56): CodeIgniter\Boot::bootWeb(Object(Config\Paths))
11 SYSTEMPATH/Commands/Server/rewrite.php(49): require_once('/Users/kyawmyohtet/Documents/WorkSpace/DL_Ideas/PHP/Testing/codeigniter4/public/index.php')
CRITICAL - 2024-06-11 15:37:36 --> Error: Call to undefined method CodeIgniter\View\View::extends()
[Method: GET, Route: /]
in APPPATH/Views/Home/index.php on line 1.
 1 SYSTEMPATH/View/View.php(234): include()
 2 SYSTEMPATH/View/View.php(237): CodeIgniter\View\View->CodeIgniter\View\{closure}()
 3 SYSTEMPATH/Common.php(1171): CodeIgniter\View\View->render('Home/index', [], true)
 4 APPPATH/Controllers/Home.php(9): view('Home/index')
 5 SYSTEMPATH/CodeIgniter.php(933): App\Controllers\Home->index()
 6 SYSTEMPATH/CodeIgniter.php(509): CodeIgniter\CodeIgniter->runController(Object(App\Controllers\Home))
 7 SYSTEMPATH/CodeIgniter.php(355): CodeIgniter\CodeIgniter->handleRequest(null, Object(Config\Cache), false)
 8 SYSTEMPATH/Boot.php(312): CodeIgniter\CodeIgniter->run()
 9 SYSTEMPATH/Boot.php(67): CodeIgniter\Boot::runCodeIgniter(Object(CodeIgniter\CodeIgniter))
10 FCPATH/index.php(56): CodeIgniter\Boot::bootWeb(Object(Config\Paths))
11 SYSTEMPATH/Commands/Server/rewrite.php(49): require_once('/Users/kyawmyohtet/Documents/WorkSpace/DL_Ideas/PHP/Testing/codeigniter4/public/index.php')
CRITICAL - 2024-06-11 15:37:44 --> Error: Call to undefined method CodeIgniter\View\View::extends()
[Method: GET, Route: /]
in APPPATH/Views/Home/index.php on line 1.
 1 SYSTEMPATH/View/View.php(234): include()
 2 SYSTEMPATH/View/View.php(237): CodeIgniter\View\View->CodeIgniter\View\{closure}()
 3 SYSTEMPATH/Common.php(1171): CodeIgniter\View\View->render('Home/index', [], true)
 4 APPPATH/Controllers/Home.php(9): view('Home/index')
 5 SYSTEMPATH/CodeIgniter.php(933): App\Controllers\Home->index()
 6 SYSTEMPATH/CodeIgniter.php(509): CodeIgniter\CodeIgniter->runController(Object(App\Controllers\Home))
 7 SYSTEMPATH/CodeIgniter.php(355): CodeIgniter\CodeIgniter->handleRequest(null, Object(Config\Cache), false)
 8 SYSTEMPATH/Boot.php(312): CodeIgniter\CodeIgniter->run()
 9 SYSTEMPATH/Boot.php(67): CodeIgniter\Boot::runCodeIgniter(Object(CodeIgniter\CodeIgniter))
10 FCPATH/index.php(56): CodeIgniter\Boot::bootWeb(Object(Config\Paths))
11 SYSTEMPATH/Commands/Server/rewrite.php(49): require_once('/Users/kyawmyohtet/Documents/WorkSpace/DL_Ideas/PHP/Testing/codeigniter4/public/index.php')
CRITICAL - 2024-06-11 15:40:07 --> Error: Call to undefined method CodeIgniter\View\View::extends()
[Method: GET, Route: /]
in APPPATH/Views/Home/index.php on line 1.
 1 SYSTEMPATH/View/View.php(234): include()
 2 SYSTEMPATH/View/View.php(237): CodeIgniter\View\View->CodeIgniter\View\{closure}()
 3 SYSTEMPATH/Common.php(1171): CodeIgniter\View\View->render('Home/index', [], true)
 4 APPPATH/Controllers/Home.php(9): view('Home/index')
 5 SYSTEMPATH/CodeIgniter.php(933): App\Controllers\Home->index()
 6 SYSTEMPATH/CodeIgniter.php(509): CodeIgniter\CodeIgniter->runController(Object(App\Controllers\Home))
 7 SYSTEMPATH/CodeIgniter.php(355): CodeIgniter\CodeIgniter->handleRequest(null, Object(Config\Cache), false)
 8 SYSTEMPATH/Boot.php(312): CodeIgniter\CodeIgniter->run()
 9 SYSTEMPATH/Boot.php(67): CodeIgniter\Boot::runCodeIgniter(Object(CodeIgniter\CodeIgniter))
10 FCPATH/index.php(56): CodeIgniter\Boot::bootWeb(Object(Config\Paths))
11 SYSTEMPATH/Commands/Server/rewrite.php(49): require_once('/Users/kyawmyohtet/Documents/WorkSpace/DL_Ideas/PHP/Testing/codeigniter4/public/index.php')
CRITICAL - 2024-06-11 15:40:08 --> Error: Call to undefined method CodeIgniter\View\View::extends()
[Method: GET, Route: /]
in APPPATH/Views/Home/index.php on line 1.
 1 SYSTEMPATH/View/View.php(234): include()
 2 SYSTEMPATH/View/View.php(237): CodeIgniter\View\View->CodeIgniter\View\{closure}()
 3 SYSTEMPATH/Common.php(1171): CodeIgniter\View\View->render('Home/index', [], true)
 4 APPPATH/Controllers/Home.php(9): view('Home/index')
 5 SYSTEMPATH/CodeIgniter.php(933): App\Controllers\Home->index()
 6 SYSTEMPATH/CodeIgniter.php(509): CodeIgniter\CodeIgniter->runController(Object(App\Controllers\Home))
 7 SYSTEMPATH/CodeIgniter.php(355): CodeIgniter\CodeIgniter->handleRequest(null, Object(Config\Cache), false)
 8 SYSTEMPATH/Boot.php(312): CodeIgniter\CodeIgniter->run()
 9 SYSTEMPATH/Boot.php(67): CodeIgniter\Boot::runCodeIgniter(Object(CodeIgniter\CodeIgniter))
10 FCPATH/index.php(56): CodeIgniter\Boot::bootWeb(Object(Config\Paths))
11 SYSTEMPATH/Commands/Server/rewrite.php(49): require_once('/Users/kyawmyohtet/Documents/WorkSpace/DL_Ideas/PHP/Testing/codeigniter4/public/index.php')
