ERROR - 2024-06-19 07:14:20 --> Error connecting to the database: mysqli_sql_exception: Connection refused in /Users/kyawmyohtet/Documents/WorkSpace/DL_Ideas/PHP/Testing/codeigniter4/system/Database/MySQLi/Connection.php:186
Stack trace:
#0 /Users/kyawmyohtet/Documents/WorkSpace/DL_Ideas/PHP/Testing/codeigniter4/system/Database/MySQLi/Connection.php(186): mysqli->real_connect('127.0.0.1', 'root', Object(SensitiveParameterValue), 'ciapp', 3306, '', 0)
#1 /Users/kyawmyohtet/Documents/WorkSpace/DL_Ideas/PHP/Testing/codeigniter4/system/Database/BaseConnection.php(421): CodeIgniter\Database\MySQLi\Connection->connect(false)
#2 /Users/kyawmyohtet/Documents/WorkSpace/DL_Ideas/PHP/Testing/codeigniter4/system/Database/BaseConnection.php(604): CodeIgniter\Database\BaseConnection->initialize()
#3 /Users/kyawmyohtet/Documents/WorkSpace/DL_Ideas/PHP/Testing/codeigniter4/system/Database/BaseBuilder.php(1629): CodeIgniter\Database\BaseConnection->query('SELECT *\nFROM `...', Array, false)
#4 /Users/kyawmyohtet/Documents/WorkSpace/DL_Ideas/PHP/Testing/codeigniter4/system/Model.php(275): CodeIgniter\Database\BaseBuilder->get()
#5 /Users/kyawmyohtet/Documents/WorkSpace/DL_Ideas/PHP/Testing/codeigniter4/system/BaseModel.php(676): CodeIgniter\Model->doFindAll(0, 0)
#6 /Users/kyawmyohtet/Documents/WorkSpace/DL_Ideas/PHP/Testing/codeigniter4/app/Controllers/Articles.php(30): CodeIgniter\BaseModel->findAll()
#7 /Users/kyawmyohtet/Documents/WorkSpace/DL_Ideas/PHP/Testing/codeigniter4/system/CodeIgniter.php(933): App\Controllers\Articles->index()
#8 /Users/kyawmyohtet/Documents/WorkSpace/DL_Ideas/PHP/Testing/codeigniter4/system/CodeIgniter.php(509): CodeIgniter\CodeIgniter->runController(Object(App\Controllers\Articles))
#9 /Users/kyawmyohtet/Documents/WorkSpace/DL_Ideas/PHP/Testing/codeigniter4/system/CodeIgniter.php(355): CodeIgniter\CodeIgniter->handleRequest(NULL, Object(Config\Cache), false)
#10 /Users/kyawmyohtet/Documents/WorkSpace/DL_Ideas/PHP/Testing/codeigniter4/system/Boot.php(312): CodeIgniter\CodeIgniter->run()
#11 /Users/kyawmyohtet/Documents/WorkSpace/DL_Ideas/PHP/Testing/codeigniter4/system/Boot.php(67): CodeIgniter\Boot::runCodeIgniter(Object(CodeIgniter\CodeIgniter))
#12 /Users/kyawmyohtet/Documents/WorkSpace/DL_Ideas/PHP/Testing/codeigniter4/public/index.php(56): CodeIgniter\Boot::bootWeb(Object(Config\Paths))
#13 /Users/kyawmyohtet/Documents/WorkSpace/DL_Ideas/PHP/Testing/codeigniter4/system/Commands/Server/rewrite.php(49): require_once('/Users/kyawmyoh...')
#14 {main}

Next CodeIgniter\Database\Exceptions\DatabaseException: Connection refused in /Users/kyawmyohtet/Documents/WorkSpace/DL_Ideas/PHP/Testing/codeigniter4/system/Database/MySQLi/Connection.php:231
Stack trace:
#0 /Users/kyawmyohtet/Documents/WorkSpace/DL_Ideas/PHP/Testing/codeigniter4/system/Database/BaseConnection.php(421): CodeIgniter\Database\MySQLi\Connection->connect(false)
#1 /Users/kyawmyohtet/Documents/WorkSpace/DL_Ideas/PHP/Testing/codeigniter4/system/Database/BaseConnection.php(604): CodeIgniter\Database\BaseConnection->initialize()
#2 /Users/kyawmyohtet/Documents/WorkSpace/DL_Ideas/PHP/Testing/codeigniter4/system/Database/BaseBuilder.php(1629): CodeIgniter\Database\BaseConnection->query('SELECT *\nFROM `...', Array, false)
#3 /Users/kyawmyohtet/Documents/WorkSpace/DL_Ideas/PHP/Testing/codeigniter4/system/Model.php(275): CodeIgniter\Database\BaseBuilder->get()
#4 /Users/kyawmyohtet/Documents/WorkSpace/DL_Ideas/PHP/Testing/codeigniter4/system/BaseModel.php(676): CodeIgniter\Model->doFindAll(0, 0)
#5 /Users/kyawmyohtet/Documents/WorkSpace/DL_Ideas/PHP/Testing/codeigniter4/app/Controllers/Articles.php(30): CodeIgniter\BaseModel->findAll()
#6 /Users/kyawmyohtet/Documents/WorkSpace/DL_Ideas/PHP/Testing/codeigniter4/system/CodeIgniter.php(933): App\Controllers\Articles->index()
#7 /Users/kyawmyohtet/Documents/WorkSpace/DL_Ideas/PHP/Testing/codeigniter4/system/CodeIgniter.php(509): CodeIgniter\CodeIgniter->runController(Object(App\Controllers\Articles))
#8 /Users/kyawmyohtet/Documents/WorkSpace/DL_Ideas/PHP/Testing/codeigniter4/system/CodeIgniter.php(355): CodeIgniter\CodeIgniter->handleRequest(NULL, Object(Config\Cache), false)
#9 /Users/kyawmyohtet/Documents/WorkSpace/DL_Ideas/PHP/Testing/codeigniter4/system/Boot.php(312): CodeIgniter\CodeIgniter->run()
#10 /Users/kyawmyohtet/Documents/WorkSpace/DL_Ideas/PHP/Testing/codeigniter4/system/Boot.php(67): CodeIgniter\Boot::runCodeIgniter(Object(CodeIgniter\CodeIgniter))
#11 /Users/kyawmyohtet/Documents/WorkSpace/DL_Ideas/PHP/Testing/codeigniter4/public/index.php(56): CodeIgniter\Boot::bootWeb(Object(Config\Paths))
#12 /Users/kyawmyohtet/Documents/WorkSpace/DL_Ideas/PHP/Testing/codeigniter4/system/Commands/Server/rewrite.php(49): require_once('/Users/kyawmyoh...')
#13 {main}
CRITICAL - 2024-06-19 07:14:20 --> CodeIgniter\Database\Exceptions\DatabaseException: Unable to connect to the database.
Main connection [MySQLi]: Connection refused
[Method: GET, Route: articles]
in SYSTEMPATH/Database/BaseConnection.php on line 457.
 1 SYSTEMPATH/Database/BaseConnection.php(604): CodeIgniter\Database\BaseConnection->initialize()
 2 SYSTEMPATH/Database/BaseBuilder.php(1629): CodeIgniter\Database\BaseConnection->query('SELECT *
FROM `article`', [], false)
 3 SYSTEMPATH/Model.php(275): CodeIgniter\Database\BaseBuilder->get()
 4 SYSTEMPATH/BaseModel.php(676): CodeIgniter\Model->doFindAll(0, 0)
 5 APPPATH/Controllers/Articles.php(30): CodeIgniter\BaseModel->findAll()
 6 SYSTEMPATH/CodeIgniter.php(933): App\Controllers\Articles->index()
 7 SYSTEMPATH/CodeIgniter.php(509): CodeIgniter\CodeIgniter->runController(Object(App\Controllers\Articles))
 8 SYSTEMPATH/CodeIgniter.php(355): CodeIgniter\CodeIgniter->handleRequest(null, Object(Config\Cache), false)
 9 SYSTEMPATH/Boot.php(312): CodeIgniter\CodeIgniter->run()
10 SYSTEMPATH/Boot.php(67): CodeIgniter\Boot::runCodeIgniter(Object(CodeIgniter\CodeIgniter))
11 FCPATH/index.php(56): CodeIgniter\Boot::bootWeb(Object(Config\Paths))
12 SYSTEMPATH/Commands/Server/rewrite.php(49): require_once('/Users/kyawmyohtet/Documents/WorkSpace/DL_Ideas/PHP/Testing/codeigniter4/public/index.php')
CRITICAL - 2024-06-19 07:15:26 --> CodeIgniter\HTTP\Exceptions\BadRequestException: The URI you submitted has disallowed characters: " . $article["id"]"
[Method: GET, Route: articles/%20.%20$article%5B%22id%22%5D]
in SYSTEMPATH/Router/Router.php on line 736.
 1 SYSTEMPATH/Router/Router.php(203): CodeIgniter\Router\Router->checkDisallowedChars('articles/ . $article["id"]')
 2 SYSTEMPATH/CodeIgniter.php(834): CodeIgniter\Router\Router->handle('articles/ . $article["id"]')
 3 SYSTEMPATH/CodeIgniter.php(457): CodeIgniter\CodeIgniter->tryToRouteIt(Object(CodeIgniter\Router\RouteCollection))
 4 SYSTEMPATH/CodeIgniter.php(355): CodeIgniter\CodeIgniter->handleRequest(null, Object(Config\Cache), false)
 5 SYSTEMPATH/Boot.php(312): CodeIgniter\CodeIgniter->run()
 6 SYSTEMPATH/Boot.php(67): CodeIgniter\Boot::runCodeIgniter(Object(CodeIgniter\CodeIgniter))
 7 FCPATH/index.php(56): CodeIgniter\Boot::bootWeb(Object(Config\Paths))
 8 SYSTEMPATH/Commands/Server/rewrite.php(49): require_once('/Users/kyawmyohtet/Documents/WorkSpace/DL_Ideas/PHP/Testing/codeigniter4/public/index.php')
CRITICAL - 2024-06-19 07:15:33 --> CodeIgniter\HTTP\Exceptions\BadRequestException: The URI you submitted has disallowed characters: " . $article["id"]"
[Method: GET, Route: articles/%20.%20$article%5B%22id%22%5D]
in SYSTEMPATH/Router/Router.php on line 736.
 1 SYSTEMPATH/Router/Router.php(203): CodeIgniter\Router\Router->checkDisallowedChars('articles/ . $article["id"]')
 2 SYSTEMPATH/CodeIgniter.php(834): CodeIgniter\Router\Router->handle('articles/ . $article["id"]')
 3 SYSTEMPATH/CodeIgniter.php(457): CodeIgniter\CodeIgniter->tryToRouteIt(Object(CodeIgniter\Router\RouteCollection))
 4 SYSTEMPATH/CodeIgniter.php(355): CodeIgniter\CodeIgniter->handleRequest(null, Object(Config\Cache), false)
 5 SYSTEMPATH/Boot.php(312): CodeIgniter\CodeIgniter->run()
 6 SYSTEMPATH/Boot.php(67): CodeIgniter\Boot::runCodeIgniter(Object(CodeIgniter\CodeIgniter))
 7 FCPATH/index.php(56): CodeIgniter\Boot::bootWeb(Object(Config\Paths))
 8 SYSTEMPATH/Commands/Server/rewrite.php(49): require_once('/Users/kyawmyohtet/Documents/WorkSpace/DL_Ideas/PHP/Testing/codeigniter4/public/index.php')
