CRITICAL - 2024-06-26 02:21:46 --> CodeIgniter\HTTP\Exceptions\BadRequestException: The URI you submitted has disallowed characters: " . $article["id"]"
[Method: GET, Route: articles/%20.%20$article%5B%22id%22%5D]
in SYSTEMPATH/Router/Router.php on line 736.
 1 SYSTEMPATH/Router/Router.php(203): CodeIgniter\Router\Router->checkDisallowedChars('articles/ . $article["id"]')
 2 SYSTEMPATH/CodeIgniter.php(834): CodeIgniter\Router\Router->handle('articles/ . $article["id"]')
 3 SYSTEMPATH/CodeIgniter.php(457): CodeIgniter\CodeIgniter->tryToRouteIt(Object(CodeIgniter\Router\RouteCollection))
 4 SYSTEMPATH/CodeIgniter.php(355): CodeIgniter\CodeIgniter->handleRequest(null, Object(Config\Cache), false)
 5 SYSTEMPATH/Boot.php(312): CodeIgniter\CodeIgniter->run()
 6 SYSTEMPATH/Boot.php(67): CodeIgniter\Boot::runCodeIgniter(Object(CodeIgniter\CodeIgniter))
 7 FCPATH/index.php(56): CodeIgniter\Boot::bootWeb(Object(Config\Paths))
 8 SYSTEMPATH/Commands/Server/rewrite.php(49): require_once('/Users/kyawmyohtet/Documents/WorkSpace/DL_Ideas/PHP/Testing/codeigniter4/public/index.php')
CRITICAL - 2024-06-26 02:36:08 --> ErrorException: Trying to access array offset on null
[Method: GET, Route: articles/3]
in APPPATH/Views/Articles/show.php on line 8.
 1 APPPATH/Views/Articles/show.php(8): CodeIgniter\Debug\Exceptions->errorHandler(2, 'Trying to access array offset on null', '/Users/kyawmyohtet/Documents/WorkSpace/DL_Ideas/PHP/Testing/codeigniter4/app/Views/Articles/show.php', 8)
 2 SYSTEMPATH/View/View.php(234): include('/Users/kyawmyohtet/Documents/WorkSpace/DL_Ideas/PHP/Testing/codeigniter4/app/Views/Articles/show.php')
 3 SYSTEMPATH/View/View.php(237): CodeIgniter\View\View->CodeIgniter\View\{closure}()
 4 SYSTEMPATH/Common.php(1171): CodeIgniter\View\View->render('Articles/show', [], true)
 5 APPPATH/Controllers/Articles.php(41): view('Articles/show', [...])
 6 SYSTEMPATH/CodeIgniter.php(933): App\Controllers\Articles->show('3')
 7 SYSTEMPATH/CodeIgniter.php(509): CodeIgniter\CodeIgniter->runController(Object(App\Controllers\Articles))
 8 SYSTEMPATH/CodeIgniter.php(355): CodeIgniter\CodeIgniter->handleRequest(null, Object(Config\Cache), false)
 9 SYSTEMPATH/Boot.php(312): CodeIgniter\CodeIgniter->run()
10 SYSTEMPATH/Boot.php(67): CodeIgniter\Boot::runCodeIgniter(Object(CodeIgniter\CodeIgniter))
11 FCPATH/index.php(56): CodeIgniter\Boot::bootWeb(Object(Config\Paths))
12 SYSTEMPATH/Commands/Server/rewrite.php(49): require_once('/Users/kyawmyohtet/Documents/WorkSpace/DL_Ideas/PHP/Testing/codeigniter4/public/index.php')
CRITICAL - 2024-06-26 02:40:07 --> CodeIgniter\HTTP\Exceptions\BadRequestException: The URI you submitted has disallowed characters: " . $article["id"]"
[Method: GET, Route: articles/%20.%20$article%5B%22id%22%5D]
in SYSTEMPATH/Router/Router.php on line 736.
 1 SYSTEMPATH/Router/Router.php(203): CodeIgniter\Router\Router->checkDisallowedChars('articles/ . $article["id"]')
 2 SYSTEMPATH/CodeIgniter.php(834): CodeIgniter\Router\Router->handle('articles/ . $article["id"]')
 3 SYSTEMPATH/CodeIgniter.php(457): CodeIgniter\CodeIgniter->tryToRouteIt(Object(CodeIgniter\Router\RouteCollection))
 4 SYSTEMPATH/CodeIgniter.php(355): CodeIgniter\CodeIgniter->handleRequest(null, Object(Config\Cache), false)
 5 SYSTEMPATH/Boot.php(312): CodeIgniter\CodeIgniter->run()
 6 SYSTEMPATH/Boot.php(67): CodeIgniter\Boot::runCodeIgniter(Object(CodeIgniter\CodeIgniter))
 7 FCPATH/index.php(56): CodeIgniter\Boot::bootWeb(Object(Config\Paths))
 8 SYSTEMPATH/Commands/Server/rewrite.php(49): require_once('/Users/kyawmyohtet/Documents/WorkSpace/DL_Ideas/PHP/Testing/codeigniter4/public/index.php')
CRITICAL - 2024-06-26 02:40:15 --> CodeIgniter\HTTP\Exceptions\BadRequestException: The URI you submitted has disallowed characters: " . $article["id"]"
[Method: GET, Route: articles/%20.%20$article%5B%22id%22%5D]
in SYSTEMPATH/Router/Router.php on line 736.
 1 SYSTEMPATH/Router/Router.php(203): CodeIgniter\Router\Router->checkDisallowedChars('articles/ . $article["id"]')
 2 SYSTEMPATH/CodeIgniter.php(834): CodeIgniter\Router\Router->handle('articles/ . $article["id"]')
 3 SYSTEMPATH/CodeIgniter.php(457): CodeIgniter\CodeIgniter->tryToRouteIt(Object(CodeIgniter\Router\RouteCollection))
 4 SYSTEMPATH/CodeIgniter.php(355): CodeIgniter\CodeIgniter->handleRequest(null, Object(Config\Cache), false)
 5 SYSTEMPATH/Boot.php(312): CodeIgniter\CodeIgniter->run()
 6 SYSTEMPATH/Boot.php(67): CodeIgniter\Boot::runCodeIgniter(Object(CodeIgniter\CodeIgniter))
 7 FCPATH/index.php(56): CodeIgniter\Boot::bootWeb(Object(Config\Paths))
 8 SYSTEMPATH/Commands/Server/rewrite.php(49): require_once('/Users/kyawmyohtet/Documents/WorkSpace/DL_Ideas/PHP/Testing/codeigniter4/public/index.php')
CRITICAL - 2024-06-26 03:07:15 --> CodeIgniter\Router\Exceptions\RouterException: Controller or its method is not found: Articles:: new
[Method: GET, Route: articles]
in SYSTEMPATH/Helpers/url_helper.php on line 491.
 1 SYSTEMPATH/Helpers/url_helper.php(491): CodeIgniter\Router\Exceptions\RouterException::forControllerNotFound('Articles', ' new')
 2 APPPATH/Views/Articles/index.php(10): url_to('Articles:: new')
 3 SYSTEMPATH/View/View.php(234): include('/Users/kyawmyohtet/Documents/WorkSpace/DL_Ideas/PHP/Testing/codeigniter4/app/Views/Articles/index.php')
 4 SYSTEMPATH/View/View.php(237): CodeIgniter\View\View->CodeIgniter\View\{closure}()
 5 SYSTEMPATH/Common.php(1171): CodeIgniter\View\View->render('Articles/index', [], true)
 6 APPPATH/Controllers/Articles.php(32): view('Articles/index', [...])
 7 SYSTEMPATH/CodeIgniter.php(933): App\Controllers\Articles->index()
 8 SYSTEMPATH/CodeIgniter.php(509): CodeIgniter\CodeIgniter->runController(Object(App\Controllers\Articles))
 9 SYSTEMPATH/CodeIgniter.php(355): CodeIgniter\CodeIgniter->handleRequest(null, Object(Config\Cache), false)
10 SYSTEMPATH/Boot.php(312): CodeIgniter\CodeIgniter->run()
11 SYSTEMPATH/Boot.php(67): CodeIgniter\Boot::runCodeIgniter(Object(CodeIgniter\CodeIgniter))
12 FCPATH/index.php(56): CodeIgniter\Boot::bootWeb(Object(Config\Paths))
13 SYSTEMPATH/Commands/Server/rewrite.php(49): require_once('/Users/kyawmyohtet/Documents/WorkSpace/DL_Ideas/PHP/Testing/codeigniter4/public/index.php')
CRITICAL - 2024-06-26 03:07:29 --> CodeIgniter\Router\Exceptions\RouterException: Controller or its method is not found: Articles:: new
[Method: GET, Route: articles]
in SYSTEMPATH/Helpers/url_helper.php on line 491.
 1 SYSTEMPATH/Helpers/url_helper.php(491): CodeIgniter\Router\Exceptions\RouterException::forControllerNotFound('Articles', ' new')
 2 APPPATH/Views/Articles/index.php(10): url_to('Articles:: new')
 3 SYSTEMPATH/View/View.php(234): include('/Users/kyawmyohtet/Documents/WorkSpace/DL_Ideas/PHP/Testing/codeigniter4/app/Views/Articles/index.php')
 4 SYSTEMPATH/View/View.php(237): CodeIgniter\View\View->CodeIgniter\View\{closure}()
 5 SYSTEMPATH/Common.php(1171): CodeIgniter\View\View->render('Articles/index', [], true)
 6 APPPATH/Controllers/Articles.php(32): view('Articles/index', [...])
 7 SYSTEMPATH/CodeIgniter.php(933): App\Controllers\Articles->index()
 8 SYSTEMPATH/CodeIgniter.php(509): CodeIgniter\CodeIgniter->runController(Object(App\Controllers\Articles))
 9 SYSTEMPATH/CodeIgniter.php(355): CodeIgniter\CodeIgniter->handleRequest(null, Object(Config\Cache), false)
10 SYSTEMPATH/Boot.php(312): CodeIgniter\CodeIgniter->run()
11 SYSTEMPATH/Boot.php(67): CodeIgniter\Boot::runCodeIgniter(Object(CodeIgniter\CodeIgniter))
12 FCPATH/index.php(56): CodeIgniter\Boot::bootWeb(Object(Config\Paths))
13 SYSTEMPATH/Commands/Server/rewrite.php(49): require_once('/Users/kyawmyohtet/Documents/WorkSpace/DL_Ideas/PHP/Testing/codeigniter4/public/index.php')
CRITICAL - 2024-06-26 04:28:48 --> CodeIgniter\Database\Exceptions\DataException: Allowed fields must be specified for model: "App\Models\ArticleModel"
[Method: POST, Route: articles/create]
in SYSTEMPATH/Model.php on line 813.
 1 SYSTEMPATH/Model.php(813): CodeIgniter\Database\Exceptions\DataException::forInvalidAllowedFields('App\\Models\\ArticleModel')
 2 SYSTEMPATH/BaseModel.php(821): CodeIgniter\Model->doProtectFieldsForInsert([...])
 3 SYSTEMPATH/Model.php(791): CodeIgniter\BaseModel->insert([...], true)
 4 APPPATH/Controllers/Articles.php(54): CodeIgniter\Model->insert([...])
 5 SYSTEMPATH/CodeIgniter.php(933): App\Controllers\Articles->create()
 6 SYSTEMPATH/CodeIgniter.php(509): CodeIgniter\CodeIgniter->runController(Object(App\Controllers\Articles))
 7 SYSTEMPATH/CodeIgniter.php(355): CodeIgniter\CodeIgniter->handleRequest(null, Object(Config\Cache), false)
 8 SYSTEMPATH/Boot.php(312): CodeIgniter\CodeIgniter->run()
 9 SYSTEMPATH/Boot.php(67): CodeIgniter\Boot::runCodeIgniter(Object(CodeIgniter\CodeIgniter))
10 FCPATH/index.php(56): CodeIgniter\Boot::bootWeb(Object(Config\Paths))
11 SYSTEMPATH/Commands/Server/rewrite.php(49): require_once('/Users/kyawmyohtet/Documents/WorkSpace/DL_Ideas/PHP/Testing/codeigniter4/public/index.php')
ERROR - 2024-06-26 08:23:44 --> Error connecting to the database: mysqli_sql_exception: Connection refused in /Users/kyawmyohtet/Documents/WorkSpace/DL_Ideas/PHP/Testing/codeigniter4/system/Database/MySQLi/Connection.php:186
Stack trace:
#0 /Users/kyawmyohtet/Documents/WorkSpace/DL_Ideas/PHP/Testing/codeigniter4/system/Database/MySQLi/Connection.php(186): mysqli->real_connect('127.0.0.1', 'root', Object(SensitiveParameterValue), 'ciapp', 3306, '', 0)
#1 /Users/kyawmyohtet/Documents/WorkSpace/DL_Ideas/PHP/Testing/codeigniter4/system/Database/BaseConnection.php(421): CodeIgniter\Database\MySQLi\Connection->connect(false)
#2 /Users/kyawmyohtet/Documents/WorkSpace/DL_Ideas/PHP/Testing/codeigniter4/system/Database/BaseConnection.php(604): CodeIgniter\Database\BaseConnection->initialize()
#3 /Users/kyawmyohtet/Documents/WorkSpace/DL_Ideas/PHP/Testing/codeigniter4/system/Database/BaseBuilder.php(1629): CodeIgniter\Database\BaseConnection->query('SELECT *\nFROM `...', Array, false)
#4 /Users/kyawmyohtet/Documents/WorkSpace/DL_Ideas/PHP/Testing/codeigniter4/system/Model.php(275): CodeIgniter\Database\BaseBuilder->get()
#5 /Users/kyawmyohtet/Documents/WorkSpace/DL_Ideas/PHP/Testing/codeigniter4/system/BaseModel.php(676): CodeIgniter\Model->doFindAll(0, 0)
#6 /Users/kyawmyohtet/Documents/WorkSpace/DL_Ideas/PHP/Testing/codeigniter4/app/Controllers/Articles.php(30): CodeIgniter\BaseModel->findAll()
#7 /Users/kyawmyohtet/Documents/WorkSpace/DL_Ideas/PHP/Testing/codeigniter4/system/CodeIgniter.php(933): App\Controllers\Articles->index()
#8 /Users/kyawmyohtet/Documents/WorkSpace/DL_Ideas/PHP/Testing/codeigniter4/system/CodeIgniter.php(509): CodeIgniter\CodeIgniter->runController(Object(App\Controllers\Articles))
#9 /Users/kyawmyohtet/Documents/WorkSpace/DL_Ideas/PHP/Testing/codeigniter4/system/CodeIgniter.php(355): CodeIgniter\CodeIgniter->handleRequest(NULL, Object(Config\Cache), false)
#10 /Users/kyawmyohtet/Documents/WorkSpace/DL_Ideas/PHP/Testing/codeigniter4/system/Boot.php(312): CodeIgniter\CodeIgniter->run()
#11 /Users/kyawmyohtet/Documents/WorkSpace/DL_Ideas/PHP/Testing/codeigniter4/system/Boot.php(67): CodeIgniter\Boot::runCodeIgniter(Object(CodeIgniter\CodeIgniter))
#12 /Users/kyawmyohtet/Documents/WorkSpace/DL_Ideas/PHP/Testing/codeigniter4/public/index.php(56): CodeIgniter\Boot::bootWeb(Object(Config\Paths))
#13 /Users/kyawmyohtet/Documents/WorkSpace/DL_Ideas/PHP/Testing/codeigniter4/system/Commands/Server/rewrite.php(49): require_once('/Users/kyawmyoh...')
#14 {main}

Next CodeIgniter\Database\Exceptions\DatabaseException: Connection refused in /Users/kyawmyohtet/Documents/WorkSpace/DL_Ideas/PHP/Testing/codeigniter4/system/Database/MySQLi/Connection.php:231
Stack trace:
#0 /Users/kyawmyohtet/Documents/WorkSpace/DL_Ideas/PHP/Testing/codeigniter4/system/Database/BaseConnection.php(421): CodeIgniter\Database\MySQLi\Connection->connect(false)
#1 /Users/kyawmyohtet/Documents/WorkSpace/DL_Ideas/PHP/Testing/codeigniter4/system/Database/BaseConnection.php(604): CodeIgniter\Database\BaseConnection->initialize()
#2 /Users/kyawmyohtet/Documents/WorkSpace/DL_Ideas/PHP/Testing/codeigniter4/system/Database/BaseBuilder.php(1629): CodeIgniter\Database\BaseConnection->query('SELECT *\nFROM `...', Array, false)
#3 /Users/kyawmyohtet/Documents/WorkSpace/DL_Ideas/PHP/Testing/codeigniter4/system/Model.php(275): CodeIgniter\Database\BaseBuilder->get()
#4 /Users/kyawmyohtet/Documents/WorkSpace/DL_Ideas/PHP/Testing/codeigniter4/system/BaseModel.php(676): CodeIgniter\Model->doFindAll(0, 0)
#5 /Users/kyawmyohtet/Documents/WorkSpace/DL_Ideas/PHP/Testing/codeigniter4/app/Controllers/Articles.php(30): CodeIgniter\BaseModel->findAll()
#6 /Users/kyawmyohtet/Documents/WorkSpace/DL_Ideas/PHP/Testing/codeigniter4/system/CodeIgniter.php(933): App\Controllers\Articles->index()
#7 /Users/kyawmyohtet/Documents/WorkSpace/DL_Ideas/PHP/Testing/codeigniter4/system/CodeIgniter.php(509): CodeIgniter\CodeIgniter->runController(Object(App\Controllers\Articles))
#8 /Users/kyawmyohtet/Documents/WorkSpace/DL_Ideas/PHP/Testing/codeigniter4/system/CodeIgniter.php(355): CodeIgniter\CodeIgniter->handleRequest(NULL, Object(Config\Cache), false)
#9 /Users/kyawmyohtet/Documents/WorkSpace/DL_Ideas/PHP/Testing/codeigniter4/system/Boot.php(312): CodeIgniter\CodeIgniter->run()
#10 /Users/kyawmyohtet/Documents/WorkSpace/DL_Ideas/PHP/Testing/codeigniter4/system/Boot.php(67): CodeIgniter\Boot::runCodeIgniter(Object(CodeIgniter\CodeIgniter))
#11 /Users/kyawmyohtet/Documents/WorkSpace/DL_Ideas/PHP/Testing/codeigniter4/public/index.php(56): CodeIgniter\Boot::bootWeb(Object(Config\Paths))
#12 /Users/kyawmyohtet/Documents/WorkSpace/DL_Ideas/PHP/Testing/codeigniter4/system/Commands/Server/rewrite.php(49): require_once('/Users/kyawmyoh...')
#13 {main}
CRITICAL - 2024-06-26 08:23:44 --> CodeIgniter\Database\Exceptions\DatabaseException: Unable to connect to the database.
Main connection [MySQLi]: Connection refused
[Method: GET, Route: articles]
in SYSTEMPATH/Database/BaseConnection.php on line 457.
 1 SYSTEMPATH/Database/BaseConnection.php(604): CodeIgniter\Database\BaseConnection->initialize()
 2 SYSTEMPATH/Database/BaseBuilder.php(1629): CodeIgniter\Database\BaseConnection->query('SELECT *
FROM `article`', [], false)
 3 SYSTEMPATH/Model.php(275): CodeIgniter\Database\BaseBuilder->get()
 4 SYSTEMPATH/BaseModel.php(676): CodeIgniter\Model->doFindAll(0, 0)
 5 APPPATH/Controllers/Articles.php(30): CodeIgniter\BaseModel->findAll()
 6 SYSTEMPATH/CodeIgniter.php(933): App\Controllers\Articles->index()
 7 SYSTEMPATH/CodeIgniter.php(509): CodeIgniter\CodeIgniter->runController(Object(App\Controllers\Articles))
 8 SYSTEMPATH/CodeIgniter.php(355): CodeIgniter\CodeIgniter->handleRequest(null, Object(Config\Cache), false)
 9 SYSTEMPATH/Boot.php(312): CodeIgniter\CodeIgniter->run()
10 SYSTEMPATH/Boot.php(67): CodeIgniter\Boot::runCodeIgniter(Object(CodeIgniter\CodeIgniter))
11 FCPATH/index.php(56): CodeIgniter\Boot::bootWeb(Object(Config\Paths))
12 SYSTEMPATH/Commands/Server/rewrite.php(49): require_once('/Users/kyawmyohtet/Documents/WorkSpace/DL_Ideas/PHP/Testing/codeigniter4/public/index.php')
ERROR - 2024-06-26 08:23:45 --> Error connecting to the database: mysqli_sql_exception: Connection refused in /Users/kyawmyohtet/Documents/WorkSpace/DL_Ideas/PHP/Testing/codeigniter4/system/Database/MySQLi/Connection.php:186
Stack trace:
#0 /Users/kyawmyohtet/Documents/WorkSpace/DL_Ideas/PHP/Testing/codeigniter4/system/Database/MySQLi/Connection.php(186): mysqli->real_connect('127.0.0.1', 'root', Object(SensitiveParameterValue), 'ciapp', 3306, '', 0)
#1 /Users/kyawmyohtet/Documents/WorkSpace/DL_Ideas/PHP/Testing/codeigniter4/system/Database/BaseConnection.php(421): CodeIgniter\Database\MySQLi\Connection->connect(false)
#2 /Users/kyawmyohtet/Documents/WorkSpace/DL_Ideas/PHP/Testing/codeigniter4/system/Database/BaseConnection.php(604): CodeIgniter\Database\BaseConnection->initialize()
#3 /Users/kyawmyohtet/Documents/WorkSpace/DL_Ideas/PHP/Testing/codeigniter4/system/Database/BaseBuilder.php(1629): CodeIgniter\Database\BaseConnection->query('SELECT *\nFROM `...', Array, false)
#4 /Users/kyawmyohtet/Documents/WorkSpace/DL_Ideas/PHP/Testing/codeigniter4/system/Model.php(275): CodeIgniter\Database\BaseBuilder->get()
#5 /Users/kyawmyohtet/Documents/WorkSpace/DL_Ideas/PHP/Testing/codeigniter4/system/BaseModel.php(676): CodeIgniter\Model->doFindAll(0, 0)
#6 /Users/kyawmyohtet/Documents/WorkSpace/DL_Ideas/PHP/Testing/codeigniter4/app/Controllers/Articles.php(30): CodeIgniter\BaseModel->findAll()
#7 /Users/kyawmyohtet/Documents/WorkSpace/DL_Ideas/PHP/Testing/codeigniter4/system/CodeIgniter.php(933): App\Controllers\Articles->index()
#8 /Users/kyawmyohtet/Documents/WorkSpace/DL_Ideas/PHP/Testing/codeigniter4/system/CodeIgniter.php(509): CodeIgniter\CodeIgniter->runController(Object(App\Controllers\Articles))
#9 /Users/kyawmyohtet/Documents/WorkSpace/DL_Ideas/PHP/Testing/codeigniter4/system/CodeIgniter.php(355): CodeIgniter\CodeIgniter->handleRequest(NULL, Object(Config\Cache), false)
#10 /Users/kyawmyohtet/Documents/WorkSpace/DL_Ideas/PHP/Testing/codeigniter4/system/Boot.php(312): CodeIgniter\CodeIgniter->run()
#11 /Users/kyawmyohtet/Documents/WorkSpace/DL_Ideas/PHP/Testing/codeigniter4/system/Boot.php(67): CodeIgniter\Boot::runCodeIgniter(Object(CodeIgniter\CodeIgniter))
#12 /Users/kyawmyohtet/Documents/WorkSpace/DL_Ideas/PHP/Testing/codeigniter4/public/index.php(56): CodeIgniter\Boot::bootWeb(Object(Config\Paths))
#13 /Users/kyawmyohtet/Documents/WorkSpace/DL_Ideas/PHP/Testing/codeigniter4/system/Commands/Server/rewrite.php(49): require_once('/Users/kyawmyoh...')
#14 {main}

Next CodeIgniter\Database\Exceptions\DatabaseException: Connection refused in /Users/kyawmyohtet/Documents/WorkSpace/DL_Ideas/PHP/Testing/codeigniter4/system/Database/MySQLi/Connection.php:231
Stack trace:
#0 /Users/kyawmyohtet/Documents/WorkSpace/DL_Ideas/PHP/Testing/codeigniter4/system/Database/BaseConnection.php(421): CodeIgniter\Database\MySQLi\Connection->connect(false)
#1 /Users/kyawmyohtet/Documents/WorkSpace/DL_Ideas/PHP/Testing/codeigniter4/system/Database/BaseConnection.php(604): CodeIgniter\Database\BaseConnection->initialize()
#2 /Users/kyawmyohtet/Documents/WorkSpace/DL_Ideas/PHP/Testing/codeigniter4/system/Database/BaseBuilder.php(1629): CodeIgniter\Database\BaseConnection->query('SELECT *\nFROM `...', Array, false)
#3 /Users/kyawmyohtet/Documents/WorkSpace/DL_Ideas/PHP/Testing/codeigniter4/system/Model.php(275): CodeIgniter\Database\BaseBuilder->get()
#4 /Users/kyawmyohtet/Documents/WorkSpace/DL_Ideas/PHP/Testing/codeigniter4/system/BaseModel.php(676): CodeIgniter\Model->doFindAll(0, 0)
#5 /Users/kyawmyohtet/Documents/WorkSpace/DL_Ideas/PHP/Testing/codeigniter4/app/Controllers/Articles.php(30): CodeIgniter\BaseModel->findAll()
#6 /Users/kyawmyohtet/Documents/WorkSpace/DL_Ideas/PHP/Testing/codeigniter4/system/CodeIgniter.php(933): App\Controllers\Articles->index()
#7 /Users/kyawmyohtet/Documents/WorkSpace/DL_Ideas/PHP/Testing/codeigniter4/system/CodeIgniter.php(509): CodeIgniter\CodeIgniter->runController(Object(App\Controllers\Articles))
#8 /Users/kyawmyohtet/Documents/WorkSpace/DL_Ideas/PHP/Testing/codeigniter4/system/CodeIgniter.php(355): CodeIgniter\CodeIgniter->handleRequest(NULL, Object(Config\Cache), false)
#9 /Users/kyawmyohtet/Documents/WorkSpace/DL_Ideas/PHP/Testing/codeigniter4/system/Boot.php(312): CodeIgniter\CodeIgniter->run()
#10 /Users/kyawmyohtet/Documents/WorkSpace/DL_Ideas/PHP/Testing/codeigniter4/system/Boot.php(67): CodeIgniter\Boot::runCodeIgniter(Object(CodeIgniter\CodeIgniter))
#11 /Users/kyawmyohtet/Documents/WorkSpace/DL_Ideas/PHP/Testing/codeigniter4/public/index.php(56): CodeIgniter\Boot::bootWeb(Object(Config\Paths))
#12 /Users/kyawmyohtet/Documents/WorkSpace/DL_Ideas/PHP/Testing/codeigniter4/system/Commands/Server/rewrite.php(49): require_once('/Users/kyawmyoh...')
#13 {main}
CRITICAL - 2024-06-26 08:23:45 --> CodeIgniter\Database\Exceptions\DatabaseException: Unable to connect to the database.
Main connection [MySQLi]: Connection refused
[Method: GET, Route: articles]
in SYSTEMPATH/Database/BaseConnection.php on line 457.
 1 SYSTEMPATH/Database/BaseConnection.php(604): CodeIgniter\Database\BaseConnection->initialize()
 2 SYSTEMPATH/Database/BaseBuilder.php(1629): CodeIgniter\Database\BaseConnection->query('SELECT *
FROM `article`', [], false)
 3 SYSTEMPATH/Model.php(275): CodeIgniter\Database\BaseBuilder->get()
 4 SYSTEMPATH/BaseModel.php(676): CodeIgniter\Model->doFindAll(0, 0)
 5 APPPATH/Controllers/Articles.php(30): CodeIgniter\BaseModel->findAll()
 6 SYSTEMPATH/CodeIgniter.php(933): App\Controllers\Articles->index()
 7 SYSTEMPATH/CodeIgniter.php(509): CodeIgniter\CodeIgniter->runController(Object(App\Controllers\Articles))
 8 SYSTEMPATH/CodeIgniter.php(355): CodeIgniter\CodeIgniter->handleRequest(null, Object(Config\Cache), false)
 9 SYSTEMPATH/Boot.php(312): CodeIgniter\CodeIgniter->run()
10 SYSTEMPATH/Boot.php(67): CodeIgniter\Boot::runCodeIgniter(Object(CodeIgniter\CodeIgniter))
11 FCPATH/index.php(56): CodeIgniter\Boot::bootWeb(Object(Config\Paths))
12 SYSTEMPATH/Commands/Server/rewrite.php(49): require_once('/Users/kyawmyohtet/Documents/WorkSpace/DL_Ideas/PHP/Testing/codeigniter4/public/index.php')
INFO - 2024-06-26 09:52:32 --> Session: Class initialized using 'CodeIgniter\Session\Handlers\FileHandler' driver.
INFO - 2024-06-26 09:52:37 --> Session: Class initialized using 'CodeIgniter\Session\Handlers\FileHandler' driver.
CRITICAL - 2024-06-26 09:52:37 --> ErrorException: foreach() argument must be of type array|object, null given
[Method: GET, Route: articles/new]
in APPPATH/Views/Articles/new.php on line 12.
 1 APPPATH/Views/Articles/new.php(12): CodeIgniter\Debug\Exceptions->errorHandler(2, 'foreach() argument must be of type array|object, null given', '/Users/kyawmyohtet/Documents/WorkSpace/DL_Ideas/PHP/Testing/codeigniter4/app/Views/Articles/new.php', 12)
 2 SYSTEMPATH/View/View.php(234): include('/Users/kyawmyohtet/Documents/WorkSpace/DL_Ideas/PHP/Testing/codeigniter4/app/Views/Articles/new.php')
 3 SYSTEMPATH/View/View.php(237): CodeIgniter\View\View->CodeIgniter\View\{closure}()
 4 SYSTEMPATH/Common.php(1171): CodeIgniter\View\View->render('Articles/new', [], true)
 5 APPPATH/Controllers/Articles.php(48): view('Articles/new')
 6 SYSTEMPATH/CodeIgniter.php(933): App\Controllers\Articles->new()
 7 SYSTEMPATH/CodeIgniter.php(509): CodeIgniter\CodeIgniter->runController(Object(App\Controllers\Articles))
 8 SYSTEMPATH/CodeIgniter.php(355): CodeIgniter\CodeIgniter->handleRequest(null, Object(Config\Cache), false)
 9 SYSTEMPATH/Boot.php(312): CodeIgniter\CodeIgniter->run()
10 SYSTEMPATH/Boot.php(67): CodeIgniter\Boot::runCodeIgniter(Object(CodeIgniter\CodeIgniter))
11 FCPATH/index.php(56): CodeIgniter\Boot::bootWeb(Object(Config\Paths))
12 SYSTEMPATH/Commands/Server/rewrite.php(49): require_once('/Users/kyawmyohtet/Documents/WorkSpace/DL_Ideas/PHP/Testing/codeigniter4/public/index.php')
INFO - 2024-06-26 09:52:39 --> Session: Class initialized using 'CodeIgniter\Session\Handlers\FileHandler' driver.
INFO - 2024-06-26 09:52:52 --> Session: Class initialized using 'CodeIgniter\Session\Handlers\FileHandler' driver.
INFO - 2024-06-26 09:52:53 --> Session: Class initialized using 'CodeIgniter\Session\Handlers\FileHandler' driver.
INFO - 2024-06-26 09:52:56 --> Session: Class initialized using 'CodeIgniter\Session\Handlers\FileHandler' driver.
CRITICAL - 2024-06-26 09:52:56 --> ErrorException: foreach() argument must be of type array|object, null given
[Method: GET, Route: articles/new]
in APPPATH/Views/Articles/new.php on line 12.
 1 APPPATH/Views/Articles/new.php(12): CodeIgniter\Debug\Exceptions->errorHandler(2, 'foreach() argument must be of type array|object, null given', '/Users/kyawmyohtet/Documents/WorkSpace/DL_Ideas/PHP/Testing/codeigniter4/app/Views/Articles/new.php', 12)
 2 SYSTEMPATH/View/View.php(234): include('/Users/kyawmyohtet/Documents/WorkSpace/DL_Ideas/PHP/Testing/codeigniter4/app/Views/Articles/new.php')
 3 SYSTEMPATH/View/View.php(237): CodeIgniter\View\View->CodeIgniter\View\{closure}()
 4 SYSTEMPATH/Common.php(1171): CodeIgniter\View\View->render('Articles/new', [], true)
 5 APPPATH/Controllers/Articles.php(48): view('Articles/new')
 6 SYSTEMPATH/CodeIgniter.php(933): App\Controllers\Articles->new()
 7 SYSTEMPATH/CodeIgniter.php(509): CodeIgniter\CodeIgniter->runController(Object(App\Controllers\Articles))
 8 SYSTEMPATH/CodeIgniter.php(355): CodeIgniter\CodeIgniter->handleRequest(null, Object(Config\Cache), false)
 9 SYSTEMPATH/Boot.php(312): CodeIgniter\CodeIgniter->run()
10 SYSTEMPATH/Boot.php(67): CodeIgniter\Boot::runCodeIgniter(Object(CodeIgniter\CodeIgniter))
11 FCPATH/index.php(56): CodeIgniter\Boot::bootWeb(Object(Config\Paths))
12 SYSTEMPATH/Commands/Server/rewrite.php(49): require_once('/Users/kyawmyohtet/Documents/WorkSpace/DL_Ideas/PHP/Testing/codeigniter4/public/index.php')
INFO - 2024-06-26 09:52:59 --> Session: Class initialized using 'CodeIgniter\Session\Handlers\FileHandler' driver.
INFO - 2024-06-26 09:53:02 --> Session: Class initialized using 'CodeIgniter\Session\Handlers\FileHandler' driver.
INFO - 2024-06-26 09:53:03 --> Session: Class initialized using 'CodeIgniter\Session\Handlers\FileHandler' driver.
CRITICAL - 2024-06-26 09:53:03 --> ErrorException: foreach() argument must be of type array|object, null given
[Method: GET, Route: articles/new]
in APPPATH/Views/Articles/new.php on line 12.
 1 APPPATH/Views/Articles/new.php(12): CodeIgniter\Debug\Exceptions->errorHandler(2, 'foreach() argument must be of type array|object, null given', '/Users/kyawmyohtet/Documents/WorkSpace/DL_Ideas/PHP/Testing/codeigniter4/app/Views/Articles/new.php', 12)
 2 SYSTEMPATH/View/View.php(234): include('/Users/kyawmyohtet/Documents/WorkSpace/DL_Ideas/PHP/Testing/codeigniter4/app/Views/Articles/new.php')
 3 SYSTEMPATH/View/View.php(237): CodeIgniter\View\View->CodeIgniter\View\{closure}()
 4 SYSTEMPATH/Common.php(1171): CodeIgniter\View\View->render('Articles/new', [], true)
 5 APPPATH/Controllers/Articles.php(48): view('Articles/new')
 6 SYSTEMPATH/CodeIgniter.php(933): App\Controllers\Articles->new()
 7 SYSTEMPATH/CodeIgniter.php(509): CodeIgniter\CodeIgniter->runController(Object(App\Controllers\Articles))
 8 SYSTEMPATH/CodeIgniter.php(355): CodeIgniter\CodeIgniter->handleRequest(null, Object(Config\Cache), false)
 9 SYSTEMPATH/Boot.php(312): CodeIgniter\CodeIgniter->run()
10 SYSTEMPATH/Boot.php(67): CodeIgniter\Boot::runCodeIgniter(Object(CodeIgniter\CodeIgniter))
11 FCPATH/index.php(56): CodeIgniter\Boot::bootWeb(Object(Config\Paths))
12 SYSTEMPATH/Commands/Server/rewrite.php(49): require_once('/Users/kyawmyohtet/Documents/WorkSpace/DL_Ideas/PHP/Testing/codeigniter4/public/index.php')
INFO - 2024-06-26 09:53:20 --> Session: Class initialized using 'CodeIgniter\Session\Handlers\FileHandler' driver.
INFO - 2024-06-26 09:53:50 --> Session: Class initialized using 'CodeIgniter\Session\Handlers\FileHandler' driver.
INFO - 2024-06-26 09:53:57 --> Session: Class initialized using 'CodeIgniter\Session\Handlers\FileHandler' driver.
CRITICAL - 2024-06-26 09:53:57 --> ErrorException: foreach() argument must be of type array|object, null given
[Method: GET, Route: articles/new]
in APPPATH/Views/Articles/new.php on line 12.
 1 APPPATH/Views/Articles/new.php(12): CodeIgniter\Debug\Exceptions->errorHandler(2, 'foreach() argument must be of type array|object, null given', '/Users/kyawmyohtet/Documents/WorkSpace/DL_Ideas/PHP/Testing/codeigniter4/app/Views/Articles/new.php', 12)
 2 SYSTEMPATH/View/View.php(234): include('/Users/kyawmyohtet/Documents/WorkSpace/DL_Ideas/PHP/Testing/codeigniter4/app/Views/Articles/new.php')
 3 SYSTEMPATH/View/View.php(237): CodeIgniter\View\View->CodeIgniter\View\{closure}()
 4 SYSTEMPATH/Common.php(1171): CodeIgniter\View\View->render('Articles/new', [], true)
 5 APPPATH/Controllers/Articles.php(48): view('Articles/new')
 6 SYSTEMPATH/CodeIgniter.php(933): App\Controllers\Articles->new()
 7 SYSTEMPATH/CodeIgniter.php(509): CodeIgniter\CodeIgniter->runController(Object(App\Controllers\Articles))
 8 SYSTEMPATH/CodeIgniter.php(355): CodeIgniter\CodeIgniter->handleRequest(null, Object(Config\Cache), false)
 9 SYSTEMPATH/Boot.php(312): CodeIgniter\CodeIgniter->run()
10 SYSTEMPATH/Boot.php(67): CodeIgniter\Boot::runCodeIgniter(Object(CodeIgniter\CodeIgniter))
11 FCPATH/index.php(56): CodeIgniter\Boot::bootWeb(Object(Config\Paths))
12 SYSTEMPATH/Commands/Server/rewrite.php(49): require_once('/Users/kyawmyohtet/Documents/WorkSpace/DL_Ideas/PHP/Testing/codeigniter4/public/index.php')
INFO - 2024-06-26 09:53:59 --> Session: Class initialized using 'CodeIgniter\Session\Handlers\FileHandler' driver.
